<?xml version="1.0" encoding="UTF-8"?>
<!-- Generated by org.testng.reporters.JUnitXMLReporter -->
<testsuite hostname="WIN-ENFSLA0S80S" ignored="0" name="carsaver main functionalities" tests="6" failures="0" timestamp="03 Jun 2022 22:53:17 GMT" time="90.343" errors="0">
  <testcase name="invalidLogin" time="6.267" classname="apps.carsaver.Login"/>
  <testcase name="validLogin" time="14.764" classname="apps.carsaver.Login"/>
  <testcase name="searchBodyStyle" time="6.857" classname="apps.carsaver.SearchNewCarBy"/>
  <testcase name="searchMakeModel" time="7.368" classname="apps.carsaver.SearchNewCarBy"/>
  <testcase name="searchBodyStyle" time="8.597" classname="apps.carsaver.SearchUsedCarBy"/>
  <testcase name="searchMakeModel" time="11.214" classname="apps.carsaver.SearchUsedCarBy"/>
</testsuite> <!-- carsaver main functionalities -->
