<?xml version="1.0" encoding="UTF-8"?>
<testng-results skipped="0" failed="0" ignored="0" total="8" passed="8">
  <reporter-output>
  </reporter-output>
  <suite name="carsaver smoke" duration-ms="127626" started-at="2022-06-03T22:51:47Z" finished-at="2022-06-03T22:53:55Z">
    <groups>
    </groups>
    <test name="carsaver main functionalities" duration-ms="90343" started-at="2022-06-03T22:51:47Z" finished-at="2022-06-03T22:53:17Z">
      <class name="apps.carsaver.SearchNewCarBy">
        <test-method status="PASS" signature="setUp(java.lang.String, java.lang.String, java.lang.String)[pri:0, instance:apps.carsaver.SearchNewCarBy@2ed94a8b]" name="setUp" is-config="true" duration-ms="4537" started-at="2022-06-03T22:52:20Z" finished-at="2022-06-03T22:52:25Z">
          <params>
            <param index="0">
              <value>
                <![CDATA[https://www.carsaver.com]]>
              </value>
            </param>
            <param index="1">
              <value>
                <![CDATA[chrome]]>
              </value>
            </param>
            <param index="2">
              <value>
                <![CDATA[windows]]>
              </value>
            </param>
          </params>
          <reporter-output>
          </reporter-output>
        </test-method> <!-- setUp -->
        <test-method status="PASS" signature="searchBodyStyle()[pri:0, instance:apps.carsaver.SearchNewCarBy@2ed94a8b]" name="searchBodyStyle" duration-ms="6857" started-at="2022-06-03T22:52:25Z" finished-at="2022-06-03T22:52:32Z">
          <reporter-output>
          </reporter-output>
        </test-method> <!-- searchBodyStyle -->
        <test-method status="PASS" signature="tearDown()[pri:0, instance:apps.carsaver.SearchNewCarBy@2ed94a8b]" name="tearDown" is-config="true" duration-ms="281" started-at="2022-06-03T22:52:32Z" finished-at="2022-06-03T22:52:32Z">
          <reporter-output>
          </reporter-output>
        </test-method> <!-- tearDown -->
        <test-method status="PASS" signature="setUp(java.lang.String, java.lang.String, java.lang.String)[pri:0, instance:apps.carsaver.SearchNewCarBy@2ed94a8b]" name="setUp" is-config="true" duration-ms="5478" started-at="2022-06-03T22:52:32Z" finished-at="2022-06-03T22:52:38Z">
          <params>
            <param index="0">
              <value>
                <![CDATA[https://www.carsaver.com]]>
              </value>
            </param>
            <param index="1">
              <value>
                <![CDATA[chrome]]>
              </value>
            </param>
            <param index="2">
              <value>
                <![CDATA[windows]]>
              </value>
            </param>
          </params>
          <reporter-output>
          </reporter-output>
        </test-method> <!-- setUp -->
        <test-method status="PASS" signature="searchMakeModel()[pri:0, instance:apps.carsaver.SearchNewCarBy@2ed94a8b]" name="searchMakeModel" duration-ms="7368" started-at="2022-06-03T22:52:38Z" finished-at="2022-06-03T22:52:45Z">
          <reporter-output>
          </reporter-output>
        </test-method> <!-- searchMakeModel -->
        <test-method status="PASS" signature="tearDown()[pri:0, instance:apps.carsaver.SearchNewCarBy@2ed94a8b]" name="tearDown" is-config="true" duration-ms="348" started-at="2022-06-03T22:52:45Z" finished-at="2022-06-03T22:52:45Z">
          <reporter-output>
          </reporter-output>
        </test-method> <!-- tearDown -->
      </class> <!-- apps.carsaver.SearchNewCarBy -->
      <class name="apps.carsaver.SearchUsedCarBy">
        <test-method status="PASS" signature="setUp(java.lang.String, java.lang.String, java.lang.String)[pri:0, instance:apps.carsaver.SearchUsedCarBy@38082d64]" name="setUp" is-config="true" duration-ms="4785" started-at="2022-06-03T22:52:45Z" finished-at="2022-06-03T22:52:50Z">
          <params>
            <param index="0">
              <value>
                <![CDATA[https://www.carsaver.com]]>
              </value>
            </param>
            <param index="1">
              <value>
                <![CDATA[chrome]]>
              </value>
            </param>
            <param index="2">
              <value>
                <![CDATA[windows]]>
              </value>
            </param>
          </params>
          <reporter-output>
          </reporter-output>
        </test-method> <!-- setUp -->
        <test-method status="PASS" signature="searchBodyStyle()[pri:0, instance:apps.carsaver.SearchUsedCarBy@38082d64]" name="searchBodyStyle" duration-ms="8597" started-at="2022-06-03T22:52:50Z" finished-at="2022-06-03T22:52:59Z">
          <reporter-output>
          </reporter-output>
        </test-method> <!-- searchBodyStyle -->
        <test-method status="PASS" signature="tearDown()[pri:0, instance:apps.carsaver.SearchUsedCarBy@38082d64]" name="tearDown" is-config="true" duration-ms="2388" started-at="2022-06-03T22:52:59Z" finished-at="2022-06-03T22:53:01Z">
          <reporter-output>
          </reporter-output>
        </test-method> <!-- tearDown -->
        <test-method status="PASS" signature="setUp(java.lang.String, java.lang.String, java.lang.String)[pri:0, instance:apps.carsaver.SearchUsedCarBy@38082d64]" name="setUp" is-config="true" duration-ms="4855" started-at="2022-06-03T22:53:01Z" finished-at="2022-06-03T22:53:06Z">
          <params>
            <param index="0">
              <value>
                <![CDATA[https://www.carsaver.com]]>
              </value>
            </param>
            <param index="1">
              <value>
                <![CDATA[chrome]]>
              </value>
            </param>
            <param index="2">
              <value>
                <![CDATA[windows]]>
              </value>
            </param>
          </params>
          <reporter-output>
          </reporter-output>
        </test-method> <!-- setUp -->
        <test-method status="PASS" signature="searchMakeModel()[pri:0, instance:apps.carsaver.SearchUsedCarBy@38082d64]" name="searchMakeModel" duration-ms="11214" started-at="2022-06-03T22:53:06Z" finished-at="2022-06-03T22:53:17Z">
          <reporter-output>
          </reporter-output>
        </test-method> <!-- searchMakeModel -->
        <test-method status="PASS" signature="tearDown()[pri:0, instance:apps.carsaver.SearchUsedCarBy@38082d64]" name="tearDown" is-config="true" duration-ms="331" started-at="2022-06-03T22:53:17Z" finished-at="2022-06-03T22:53:17Z">
          <reporter-output>
          </reporter-output>
        </test-method> <!-- tearDown -->
      </class> <!-- apps.carsaver.SearchUsedCarBy -->
      <class name="apps.carsaver.Login">
        <test-method status="PASS" signature="setUp(java.lang.String, java.lang.String, java.lang.String)[pri:0, instance:apps.carsaver.Login@73f792cf]" name="setUp" is-config="true" duration-ms="6811" started-at="2022-06-03T22:51:47Z" finished-at="2022-06-03T22:51:54Z">
          <params>
            <param index="0">
              <value>
                <![CDATA[https://www.carsaver.com]]>
              </value>
            </param>
            <param index="1">
              <value>
                <![CDATA[chrome]]>
              </value>
            </param>
            <param index="2">
              <value>
                <![CDATA[windows]]>
              </value>
            </param>
          </params>
          <reporter-output>
          </reporter-output>
        </test-method> <!-- setUp -->
        <test-method status="PASS" signature="invalidLogin()[pri:0, instance:apps.carsaver.Login@73f792cf]" name="invalidLogin" duration-ms="6267" started-at="2022-06-03T22:51:54Z" finished-at="2022-06-03T22:52:00Z">
          <reporter-output>
          </reporter-output>
        </test-method> <!-- invalidLogin -->
        <test-method status="PASS" signature="tearDown()[pri:0, instance:apps.carsaver.Login@73f792cf]" name="tearDown" is-config="true" duration-ms="487" started-at="2022-06-03T22:52:00Z" finished-at="2022-06-03T22:52:01Z">
          <reporter-output>
          </reporter-output>
        </test-method> <!-- tearDown -->
        <test-method status="PASS" signature="setUp(java.lang.String, java.lang.String, java.lang.String)[pri:0, instance:apps.carsaver.Login@73f792cf]" name="setUp" is-config="true" duration-ms="4591" started-at="2022-06-03T22:52:01Z" finished-at="2022-06-03T22:52:05Z">
          <params>
            <param index="0">
              <value>
                <![CDATA[https://www.carsaver.com]]>
              </value>
            </param>
            <param index="1">
              <value>
                <![CDATA[chrome]]>
              </value>
            </param>
            <param index="2">
              <value>
                <![CDATA[windows]]>
              </value>
            </param>
          </params>
          <reporter-output>
          </reporter-output>
        </test-method> <!-- setUp -->
        <test-method status="PASS" signature="validLogin()[pri:0, instance:apps.carsaver.Login@73f792cf]" name="validLogin" duration-ms="14764" started-at="2022-06-03T22:52:05Z" finished-at="2022-06-03T22:52:20Z">
          <reporter-output>
          </reporter-output>
        </test-method> <!-- validLogin -->
        <test-method status="PASS" signature="tearDown()[pri:0, instance:apps.carsaver.Login@73f792cf]" name="tearDown" is-config="true" duration-ms="365" started-at="2022-06-03T22:52:20Z" finished-at="2022-06-03T22:52:20Z">
          <reporter-output>
          </reporter-output>
        </test-method> <!-- tearDown -->
      </class> <!-- apps.carsaver.Login -->
    </test> <!-- carsaver main functionalities -->
    <test name="Landing Page" duration-ms="37236" started-at="2022-06-03T22:53:17Z" finished-at="2022-06-03T22:53:55Z">
      <class name="apps.carsaver.HeaderFunctionalities">
        <test-method status="PASS" signature="setUp(java.lang.String, java.lang.String, java.lang.String)[pri:0, instance:apps.carsaver.HeaderFunctionalities@3a03464]" name="setUp" is-config="true" duration-ms="4649" started-at="2022-06-03T22:53:17Z" finished-at="2022-06-03T22:53:22Z">
          <params>
            <param index="0">
              <value>
                <![CDATA[https://www.carsaver.com]]>
              </value>
            </param>
            <param index="1">
              <value>
                <![CDATA[chrome]]>
              </value>
            </param>
            <param index="2">
              <value>
                <![CDATA[windows]]>
              </value>
            </param>
          </params>
          <reporter-output>
          </reporter-output>
        </test-method> <!-- setUp -->
        <test-method status="PASS" signature="shopNewCar()[pri:0, instance:apps.carsaver.HeaderFunctionalities@3a03464]" name="shopNewCar" duration-ms="8397" started-at="2022-06-03T22:53:22Z" finished-at="2022-06-03T22:53:31Z">
          <reporter-output>
          </reporter-output>
        </test-method> <!-- shopNewCar -->
        <test-method status="PASS" signature="tearDown()[pri:0, instance:apps.carsaver.HeaderFunctionalities@3a03464]" name="tearDown" is-config="true" duration-ms="389" started-at="2022-06-03T22:53:31Z" finished-at="2022-06-03T22:53:31Z">
          <reporter-output>
          </reporter-output>
        </test-method> <!-- tearDown -->
      </class> <!-- apps.carsaver.HeaderFunctionalities -->
      <class name="apps.carsaver.FilterSearchResult">
        <test-method status="PASS" signature="setUp(java.lang.String, java.lang.String, java.lang.String)[pri:0, instance:apps.carsaver.FilterSearchResult@2d3fcdbd]" name="setUp" is-config="true" duration-ms="4863" started-at="2022-06-03T22:53:31Z" finished-at="2022-06-03T22:53:36Z">
          <params>
            <param index="0">
              <value>
                <![CDATA[https://www.carsaver.com]]>
              </value>
            </param>
            <param index="1">
              <value>
                <![CDATA[chrome]]>
              </value>
            </param>
            <param index="2">
              <value>
                <![CDATA[windows]]>
              </value>
            </param>
          </params>
          <reporter-output>
          </reporter-output>
        </test-method> <!-- setUp -->
        <test-method status="PASS" signature="searchFilters()[pri:0, instance:apps.carsaver.FilterSearchResult@2d3fcdbd]" name="searchFilters" duration-ms="16727" started-at="2022-06-03T22:53:36Z" finished-at="2022-06-03T22:53:53Z">
          <reporter-output>
          </reporter-output>
        </test-method> <!-- searchFilters -->
        <test-method status="PASS" signature="tearDown()[pri:0, instance:apps.carsaver.FilterSearchResult@2d3fcdbd]" name="tearDown" is-config="true" duration-ms="2211" started-at="2022-06-03T22:53:53Z" finished-at="2022-06-03T22:53:55Z">
          <reporter-output>
          </reporter-output>
        </test-method> <!-- tearDown -->
      </class> <!-- apps.carsaver.FilterSearchResult -->
    </test> <!-- Landing Page -->
  </suite> <!-- carsaver smoke -->
</testng-results>
